app/build/intermediates/manifest_merge_blame_file/debug/manifest-merger-blame-debug-report.txt
1<?xml version="1.0" encoding="utf-8"?>
2<manifest xmlns:android="http://schemas.android.com/apk/res/android"
3    package="com.example.letmebeyourchef"
4    android:versionCode="1"
5    android:versionName="2.0" >
6
7    <uses-sdk
8        android:minSdkVersion="28"
8-->src/main/AndroidManifest.xml
9        android:targetSdkVersion="33" />
9-->src/main/AndroidManifest.xml
10
11    <permission
11-->src/main/AndroidManifest.xml:5:5-7:47
12        android:name="com.vallabh.googlemapspractice.permission.MAPS_RECEIVE"
12-->src/main/AndroidManifest.xml:6:9-78
13        android:protectionLevel="signature" />
13-->src/main/AndroidManifest.xml:7:9-44
14
15    <uses-feature
15-->src/main/AndroidManifest.xml:9:5-11:36
16        android:name="android.hardware.camera"
16-->src/main/AndroidManifest.xml:10:9-47
17        android:required="false" />
17-->src/main/AndroidManifest.xml:11:9-33
18    <!-- Sceneform requires OpenGL ES 3.0 or later. -->
19    <uses-feature
19-->src/main/AndroidManifest.xml:13:5-15:35
20        android:glEsVersion="0x00030000"
20-->src/main/AndroidManifest.xml:14:9-41
21        android:required="true" />
21-->src/main/AndroidManifest.xml:15:9-32
22
23    <!-- Indicates that app requires ARCore ("AR Required"). Ensures the app is visible only in the Google Play Store on devices that support ARCore. For "AR Optional" apps remove this line. -->
24    <uses-feature android:name="android.hardware.camera.ar" />
24-->src/main/AndroidManifest.xml:18:5-63
24-->src/main/AndroidManifest.xml:18:19-60
25
26    <uses-permission android:name="android.permission.VIBRATE" />
26-->src/main/AndroidManifest.xml:19:5-66
26-->src/main/AndroidManifest.xml:19:22-63
27    <uses-permission android:name="android.permission.INTERNET" />
27-->src/main/AndroidManifest.xml:20:5-67
27-->src/main/AndroidManifest.xml:20:22-64
28    <uses-permission android:name="android.permission.ACCESS_FINE_LOCATION" />
28-->src/main/AndroidManifest.xml:21:5-79
28-->src/main/AndroidManifest.xml:21:22-76
29    <uses-permission android:name="android.permission.ACCESS_BACKGROUND_LOCATION" />
29-->src/main/AndroidManifest.xml:22:5-85
29-->src/main/AndroidManifest.xml:22:22-82
30    <uses-permission android:name="android.permission.ACCESS_COARSE_LOCATION" />
30-->src/main/AndroidManifest.xml:23:5-81
30-->src/main/AndroidManifest.xml:23:22-78
31    <uses-permission android:name="com.vallabh.googlemapspractice.permission.MAPS_RECEIVE" />
31-->src/main/AndroidManifest.xml:25:5-94
31-->src/main/AndroidManifest.xml:25:22-91
32    <uses-permission
32-->src/main/AndroidManifest.xml:29:5-31:38
33        android:name="android.permission.WRITE_EXTERNAL_STORAGE"
33-->src/main/AndroidManifest.xml:30:9-65
34        android:maxSdkVersion="28" />
34-->src/main/AndroidManifest.xml:31:9-35
35    <uses-permission android:name="android.permission.CAMERA" />
35-->src/main/AndroidManifest.xml:32:5-65
35-->src/main/AndroidManifest.xml:32:22-62
36
37    <queries>
37-->[com.android.car.ui:car-ui-lib:2.3.0] AndroidManifest.xml:23:5-34:15
38
39        <!-- Required for querying the IME service at runtime -->
40        <intent>
40-->[com.android.car.ui:car-ui-lib:2.3.0] AndroidManifest.xml:26:9-28:18
41            <action android:name="android.view.InputMethod" />
41-->[com.android.car.ui:car-ui-lib:2.3.0] AndroidManifest.xml:27:13-63
41-->[com.android.car.ui:car-ui-lib:2.3.0] AndroidManifest.xml:27:21-60
42        </intent>
43        <!-- Required for querying the plugin at runtime -->
44        <provider
44-->[com.android.car.ui:car-ui-lib:2.3.0] AndroidManifest.xml:30:9-33:67
45            android:name="com.android.car.ui.plugin.PluginNameProvider"
45-->[com.android.car.ui:car-ui-lib:2.3.0] AndroidManifest.xml:31:13-72
46            android:authorities="com.android.car.ui.plugin" />
46-->[com.android.car.ui:car-ui-lib:2.3.0] AndroidManifest.xml:32:13-60
47        <!-- Needs to be explicitly declared on Android R+ -->
48        <package android:name="com.google.android.apps.maps" />
48-->[com.google.android.gms:play-services-maps:18.1.0] AndroidManifest.xml:33:9-64
48-->[com.google.android.gms:play-services-maps:18.1.0] AndroidManifest.xml:33:18-61
49    </queries>
50
51    <uses-permission android:name="android.permission.ACCESS_WIFI_STATE" />
51-->[com.google.android.libraries.places:places:2.4.0] AndroidManifest.xml:10:5-76
51-->[com.google.android.libraries.places:places:2.4.0] AndroidManifest.xml:10:22-73
52    <uses-permission android:name="android.permission.ACCESS_NETWORK_STATE" />
52-->[com.google.firebase:firebase-auth:22.0.0] AndroidManifest.xml:26:5-79
52-->[com.google.firebase:firebase-auth:22.0.0] AndroidManifest.xml:26:22-76
53    <uses-permission android:name="android.permission.REORDER_TASKS" />
53-->[androidx.test:core:1.4.1-alpha04] AndroidManifest.xml:24:5-72
53-->[androidx.test:core:1.4.1-alpha04] AndroidManifest.xml:24:22-69
54    <uses-permission android:name="android.permission.WAKE_LOCK" />
54-->[com.google.android.gms:play-services-measurement:21.0.0] AndroidManifest.xml:25:5-68
54-->[com.google.android.gms:play-services-measurement:21.0.0] AndroidManifest.xml:25:22-65
55    <uses-permission android:name="com.google.android.finsky.permission.BIND_GET_INSTALL_REFERRER_SERVICE" />
55-->[com.google.android.gms:play-services-measurement:21.0.0] AndroidManifest.xml:26:5-110
55-->[com.google.android.gms:play-services-measurement:21.0.0] AndroidManifest.xml:26:22-107
56
57    <permission
57-->[androidx.core:core:1.9.0] AndroidManifest.xml:22:5-24:47
58        android:name="com.example.letmebeyourchef.DYNAMIC_RECEIVER_NOT_EXPORTED_PERMISSION"
58-->[androidx.core:core:1.9.0] AndroidManifest.xml:23:9-81
59        android:protectionLevel="signature" />
59-->[androidx.core:core:1.9.0] AndroidManifest.xml:24:9-44
60
61    <uses-permission android:name="com.example.letmebeyourchef.DYNAMIC_RECEIVER_NOT_EXPORTED_PERMISSION" />
61-->[androidx.core:core:1.9.0] AndroidManifest.xml:26:5-97
61-->[androidx.core:core:1.9.0] AndroidManifest.xml:26:22-94
62
63    <uses-feature
63-->[com.journeyapps:zxing-android-embedded:4.3.0] AndroidManifest.xml:28:5-30:36
64        android:name="android.hardware.camera.front"
64-->[com.journeyapps:zxing-android-embedded:4.3.0] AndroidManifest.xml:29:9-53
65        android:required="false" /> <!-- TODO replace above two with next line after Android 4.2 -->
65-->[com.journeyapps:zxing-android-embedded:4.3.0] AndroidManifest.xml:30:9-33
66    <!-- <uses-feature android:name="android.hardware.camera.any"/> -->
67    <uses-feature
67-->[com.journeyapps:zxing-android-embedded:4.3.0] AndroidManifest.xml:33:5-35:36
68        android:name="android.hardware.camera.autofocus"
68-->[com.journeyapps:zxing-android-embedded:4.3.0] AndroidManifest.xml:34:9-57
69        android:required="false" />
69-->[com.journeyapps:zxing-android-embedded:4.3.0] AndroidManifest.xml:35:9-33
70    <uses-feature
70-->[com.journeyapps:zxing-android-embedded:4.3.0] AndroidManifest.xml:36:5-38:36
71        android:name="android.hardware.camera.flash"
71-->[com.journeyapps:zxing-android-embedded:4.3.0] AndroidManifest.xml:37:9-53
72        android:required="false" />
72-->[com.journeyapps:zxing-android-embedded:4.3.0] AndroidManifest.xml:38:9-33
73    <uses-feature
73-->[com.journeyapps:zxing-android-embedded:4.3.0] AndroidManifest.xml:39:5-41:36
74        android:name="android.hardware.screen.landscape"
74-->[com.journeyapps:zxing-android-embedded:4.3.0] AndroidManifest.xml:40:9-57
75        android:required="false" />
75-->[com.journeyapps:zxing-android-embedded:4.3.0] AndroidManifest.xml:41:9-33
76    <uses-feature
76-->[com.journeyapps:zxing-android-embedded:4.3.0] AndroidManifest.xml:42:5-44:36
77        android:name="android.hardware.wifi"
77-->[com.journeyapps:zxing-android-embedded:4.3.0] AndroidManifest.xml:43:9-45
78        android:required="false" /> <!-- Permission will be merged into the manifest of the hosting app. -->
78-->[com.journeyapps:zxing-android-embedded:4.3.0] AndroidManifest.xml:44:9-33
79    <!-- Is required to launch foreground extraction service for targetSdkVersion 28+. -->
80    <uses-permission android:name="android.permission.FOREGROUND_SERVICE" />
80-->[com.google.android.play:core:1.10.3] AndroidManifest.xml:13:5-77
80-->[com.google.android.play:core:1.10.3] AndroidManifest.xml:13:22-74
81
82    <application
82-->src/main/AndroidManifest.xml:35:5-127:19
83        android:allowBackup="true"
83-->src/main/AndroidManifest.xml:36:9-35
84        android:appComponentFactory="androidx.core.app.CoreComponentFactory"
84-->[androidx.core:core:1.9.0] AndroidManifest.xml:28:18-86
85        android:debuggable="true"
86        android:extractNativeLibs="false"
87        android:icon="@mipmap/ic_launcher"
87-->src/main/AndroidManifest.xml:37:9-43
88        android:label="@string/app_name"
88-->src/main/AndroidManifest.xml:38:9-41
89        android:roundIcon="@mipmap/ic_launcher_round"
89-->src/main/AndroidManifest.xml:39:9-54
90        android:supportsRtl="true"
90-->src/main/AndroidManifest.xml:40:9-35
91        android:testOnly="true"
92        android:theme="@style/Theme.LetMeBeYourChef" >
92-->src/main/AndroidManifest.xml:41:9-53
93        <meta-data
93-->src/main/AndroidManifest.xml:45:9-47:46
94            android:name="com.google.android.geo.API_KEY"
94-->src/main/AndroidManifest.xml:46:13-58
95            android:value="@string/API_KEY" />
95-->src/main/AndroidManifest.xml:47:13-44
96        <meta-data
96-->src/main/AndroidManifest.xml:48:9-49:70
97            android:name="com.google.android.gms.version"
97-->src/main/AndroidManifest.xml:48:20-65
98            android:value="@integer/google_play_services_version" />
98-->src/main/AndroidManifest.xml:49:13-67
99        <meta-data
99-->src/main/AndroidManifest.xml:50:9-51:40
100            android:name="com.google.ar.core"
100-->src/main/AndroidManifest.xml:50:20-53
101            android:value="required" />
101-->src/main/AndroidManifest.xml:51:13-37
102
103        <activity
103-->src/main/AndroidManifest.xml:52:9-55:66
104            android:name="com.example.letmebeyourchef.maps.GoogleMapsActivity"
104-->src/main/AndroidManifest.xml:53:13-52
105            android:exported="false"
105-->src/main/AndroidManifest.xml:54:13-37
106            android:label="@string/title_activity_google_maps" />
106-->src/main/AndroidManifest.xml:55:13-63
107        <activity
107-->src/main/AndroidManifest.xml:56:9-65:20
108            android:name="com.example.letmebeyourchef.SplashScreenActivity"
108-->src/main/AndroidManifest.xml:57:13-49
109            android:exported="true"
109-->src/main/AndroidManifest.xml:58:13-36
110            android:theme="@style/Theme.LetMeBeYourChef" >
110-->src/main/AndroidManifest.xml:59:13-57
111            <intent-filter>
111-->src/main/AndroidManifest.xml:60:13-64:29
112                <action android:name="android.intent.action.MAIN" />
112-->src/main/AndroidManifest.xml:61:17-69
112-->src/main/AndroidManifest.xml:61:25-66
113
114                <category android:name="android.intent.category.LAUNCHER" />
114-->src/main/AndroidManifest.xml:63:17-77
114-->src/main/AndroidManifest.xml:63:27-74
115            </intent-filter>
116        </activity>
117        <activity
117-->src/main/AndroidManifest.xml:66:9-68:40
118            android:name="com.example.letmebeyourchef.ricetta.ActivityDettagliRicetta"
118-->src/main/AndroidManifest.xml:67:13-60
119            android:exported="false" />
119-->src/main/AndroidManifest.xml:68:13-37
120        <activity
120-->src/main/AndroidManifest.xml:69:9-72:60
121            android:name="com.example.letmebeyourchef.MainActivity"
121-->src/main/AndroidManifest.xml:70:13-41
122            android:exported="true"
122-->src/main/AndroidManifest.xml:71:13-36
123            android:theme="@style/Theme.LetMeBeYourChef" />
123-->src/main/AndroidManifest.xml:72:13-57
124        <activity
124-->src/main/AndroidManifest.xml:73:9-76:52
125            android:name="com.example.letmebeyourchef.chef.ChefActivity"
125-->src/main/AndroidManifest.xml:74:13-46
126            android:exported="false"
126-->src/main/AndroidManifest.xml:75:13-37
127            android:screenOrientation="portrait" />
127-->src/main/AndroidManifest.xml:76:13-49
128        <activity
128-->src/main/AndroidManifest.xml:77:9-80:52
129            android:name="com.example.letmebeyourchef.maps.DirectionActivity"
129-->src/main/AndroidManifest.xml:78:13-51
130            android:exported="false"
130-->src/main/AndroidManifest.xml:79:13-37
131            android:screenOrientation="portrait" />
131-->src/main/AndroidManifest.xml:80:13-49
132        <activity
132-->src/main/AndroidManifest.xml:81:9-84:52
133            android:name="com.example.letmebeyourchef.aggiungi_ingrediente.AggiungiIngredienteActivity"
133-->src/main/AndroidManifest.xml:82:13-77
134            android:exported="false"
134-->src/main/AndroidManifest.xml:83:13-37
135            android:screenOrientation="portrait" />
135-->src/main/AndroidManifest.xml:84:13-49
136        <activity
136-->src/main/AndroidManifest.xml:85:9-88:52
137            android:name="com.example.letmebeyourchef.scanner.ScannerActivity"
137-->src/main/AndroidManifest.xml:86:13-52
138            android:exported="false"
138-->src/main/AndroidManifest.xml:87:13-37
139            android:screenOrientation="portrait" />
139-->src/main/AndroidManifest.xml:88:13-49
140        <activity
140-->src/main/AndroidManifest.xml:89:9-92:52
141            android:name="com.example.letmebeyourchef.profilo.ProfiloActivity"
141-->src/main/AndroidManifest.xml:90:13-52
142            android:exported="false"
142-->src/main/AndroidManifest.xml:91:13-37
143            android:screenOrientation="portrait" />
143-->src/main/AndroidManifest.xml:92:13-49
144        <activity
144-->src/main/AndroidManifest.xml:93:9-96:52
145            android:name="com.example.letmebeyourchef.autenticazione.RegisterActivity"
145-->src/main/AndroidManifest.xml:94:13-60
146            android:exported="false"
146-->src/main/AndroidManifest.xml:95:13-37
147            android:screenOrientation="portrait" />
147-->src/main/AndroidManifest.xml:96:13-49
148        <activity
148-->src/main/AndroidManifest.xml:97:9-100:52
149            android:name="com.example.letmebeyourchef.home.HomeActivity"
149-->src/main/AndroidManifest.xml:98:13-46
150            android:exported="false"
150-->src/main/AndroidManifest.xml:99:13-37
151            android:screenOrientation="portrait" />
151-->src/main/AndroidManifest.xml:100:13-49
152        <activity
152-->src/main/AndroidManifest.xml:101:9-104:52
153            android:name="com.example.letmebeyourchef.autenticazione.LoginActivity"
153-->src/main/AndroidManifest.xml:102:13-57
154            android:exported="false"
154-->src/main/AndroidManifest.xml:103:13-37
155            android:screenOrientation="portrait" />
155-->src/main/AndroidManifest.xml:104:13-49
156        <activity
156-->src/main/AndroidManifest.xml:105:9-108:52
157            android:name="com.example.letmebeyourchef.autenticazione.RecuperoPasswordActivity"
157-->src/main/AndroidManifest.xml:106:13-68
158            android:exported="false"
158-->src/main/AndroidManifest.xml:107:13-37
159            android:screenOrientation="portrait" />
159-->src/main/AndroidManifest.xml:108:13-49
160        <activity
160-->src/main/AndroidManifest.xml:109:9-112:52
161            android:name="com.example.letmebeyourchef.autenticazione.InizioActivity"
161-->src/main/AndroidManifest.xml:110:13-58
162            android:exported="false"
162-->src/main/AndroidManifest.xml:111:13-37
163            android:screenOrientation="portrait" />
163-->src/main/AndroidManifest.xml:112:13-49
164        <activity
164-->src/main/AndroidManifest.xml:113:9-116:52
165            android:name="com.example.letmebeyourchef.autenticazione.ConosciamociActivity"
165-->src/main/AndroidManifest.xml:114:13-64
166            android:exported="false"
166-->src/main/AndroidManifest.xml:115:13-37
167            android:screenOrientation="portrait" />
167-->src/main/AndroidManifest.xml:116:13-49
168
169        <meta-data
169-->src/main/AndroidManifest.xml:118:9-120:57
170            android:name="preloaded_fonts"
170-->src/main/AndroidManifest.xml:119:13-43
171            android:resource="@array/preloaded_fonts" />
171-->src/main/AndroidManifest.xml:120:13-54
172        <meta-data
172-->src/main/AndroidManifest.xml:121:9-123:55
173            android:name="com.facebook.sdk.ApplicationId"
173-->src/main/AndroidManifest.xml:122:13-58
174            android:value="@string/facebook_app_id" />
174-->src/main/AndroidManifest.xml:123:13-52
175        <meta-data
175-->src/main/AndroidManifest.xml:124:9-126:61
176            android:name="com.facebook.sdk.ClientToken"
176-->src/main/AndroidManifest.xml:125:13-56
177            android:value="@string/facebook_client_token" />
177-->src/main/AndroidManifest.xml:126:13-58
178
179        <provider
179-->[com.android.car.ui:car-ui-lib:2.3.0] AndroidManifest.xml:37:9-42:71
180            android:name="com.android.car.ui.core.CarUiInstaller"
180-->[com.android.car.ui:car-ui-lib:2.3.0] AndroidManifest.xml:38:13-66
181            android:authorities="com.example.letmebeyourchef.CarUiInstaller"
181-->[com.android.car.ui:car-ui-lib:2.3.0] AndroidManifest.xml:39:13-66
182            android:directBootAware="true"
182-->[com.android.car.ui:car-ui-lib:2.3.0] AndroidManifest.xml:40:13-43
183            android:exported="false"
183-->[com.android.car.ui:car-ui-lib:2.3.0] AndroidManifest.xml:41:13-37
184            android:process="@string/car_ui_installer_process_name" />
184-->[com.android.car.ui:car-ui-lib:2.3.0] AndroidManifest.xml:42:13-68
185        <provider
185-->[com.android.car.ui:car-ui-lib:2.3.0] AndroidManifest.xml:43:9-48:79
186            android:name="com.android.car.ui.core.SearchResultsProvider"
186-->[com.android.car.ui:car-ui-lib:2.3.0] AndroidManifest.xml:44:13-73
187            android:authorities="com.example.letmebeyourchef.SearchResultsProvider"
187-->[com.android.car.ui:car-ui-lib:2.3.0] AndroidManifest.xml:45:13-73
188            android:exported="true"
188-->[com.android.car.ui:car-ui-lib:2.3.0] AndroidManifest.xml:46:13-36
189            android:process="@string/car_ui_installer_process_name"
189-->[com.android.car.ui:car-ui-lib:2.3.0] AndroidManifest.xml:47:13-68
190            android:readPermission="com.android.car.ui.READ_SEARCH_RESULTS" />
190-->[com.android.car.ui:car-ui-lib:2.3.0] AndroidManifest.xml:48:13-76
191
192        <activity
192-->[com.google.android.libraries.places:places:2.4.0] AndroidManifest.xml:14:9-20:20
193            android:name="com.google.android.libraries.places.widget.AutocompleteActivity"
193-->[com.google.android.libraries.places:places:2.4.0] AndroidManifest.xml:15:13-91
194            android:exported="false"
194-->[com.google.android.libraries.places:places:2.4.0] AndroidManifest.xml:16:13-37
195            android:label="@string/places_autocomplete_label"
195-->[com.google.android.libraries.places:places:2.4.0] AndroidManifest.xml:17:13-62
196            android:theme="@style/PlacesAutocompleteOverlay"
196-->[com.google.android.libraries.places:places:2.4.0] AndroidManifest.xml:18:13-61
197            android:windowSoftInputMode="adjustResize" >
197-->[com.google.android.libraries.places:places:2.4.0] AndroidManifest.xml:19:13-55
198        </activity>
199        <activity
199-->[androidx.compose.ui:ui-test-manifest:1.4.0] AndroidManifest.xml:23:9-25:39
200            android:name="androidx.activity.ComponentActivity"
200-->[androidx.compose.ui:ui-test-manifest:1.4.0] AndroidManifest.xml:24:13-63
201            android:exported="true" />
201-->[androidx.compose.ui:ui-test-manifest:1.4.0] AndroidManifest.xml:25:13-36
202        <activity
202-->[androidx.compose.ui:ui-tooling:1.4.0] AndroidManifest.xml:23:9-25:39
203            android:name="androidx.compose.ui.tooling.PreviewActivity"
203-->[androidx.compose.ui:ui-tooling:1.4.0] AndroidManifest.xml:24:13-71
204            android:exported="true" />
204-->[androidx.compose.ui:ui-tooling:1.4.0] AndroidManifest.xml:25:13-36
205
206        <service
206-->[com.google.firebase:firebase-auth-ktx:21.0.6] AndroidManifest.xml:8:9-14:19
207            android:name="com.google.firebase.components.ComponentDiscoveryService"
207-->[com.google.firebase:firebase-auth-ktx:21.0.6] AndroidManifest.xml:9:13-84
208            android:directBootAware="true"
208-->[com.google.firebase:firebase-common:20.3.2] AndroidManifest.xml:34:13-43
209            android:exported="false" >
209-->[com.google.firebase:firebase-auth-ktx:21.0.6] AndroidManifest.xml:10:13-37
210            <meta-data
210-->[com.google.firebase:firebase-auth-ktx:21.0.6] AndroidManifest.xml:11:13-13:85
211                android:name="com.google.firebase.components:com.google.firebase.auth.ktx.FirebaseAuthKtxRegistrar"
211-->[com.google.firebase:firebase-auth-ktx:21.0.6] AndroidManifest.xml:12:17-116
212                android:value="com.google.firebase.components.ComponentRegistrar" />
212-->[com.google.firebase:firebase-auth-ktx:21.0.6] AndroidManifest.xml:13:17-82
213            <meta-data
213-->[com.google.firebase:firebase-auth:22.0.0] AndroidManifest.xml:69:13-71:85
214                android:name="com.google.firebase.components:com.google.firebase.auth.FirebaseAuthRegistrar"
214-->[com.google.firebase:firebase-auth:22.0.0] AndroidManifest.xml:70:17-109
215                android:value="com.google.firebase.components.ComponentRegistrar" />
215-->[com.google.firebase:firebase-auth:22.0.0] AndroidManifest.xml:71:17-82
216            <meta-data
216-->[com.google.firebase:firebase-database-ktx:20.0.5] AndroidManifest.xml:15:13-17:85
217                android:name="com.google.firebase.components:com.google.firebase.database.ktx.FirebaseDatabaseKtxRegistrar"
217-->[com.google.firebase:firebase-database-ktx:20.0.5] AndroidManifest.xml:16:17-124
218                android:value="com.google.firebase.components.ComponentRegistrar" />
218-->[com.google.firebase:firebase-database-ktx:20.0.5] AndroidManifest.xml:17:17-82
219            <meta-data
219-->[com.google.firebase:firebase-database:20.2.2] AndroidManifest.xml:31:13-33:85
220                android:name="com.google.firebase.components:com.google.firebase.database.DatabaseRegistrar"
220-->[com.google.firebase:firebase-database:20.2.2] AndroidManifest.xml:32:17-109
221                android:value="com.google.firebase.components.ComponentRegistrar" />
221-->[com.google.firebase:firebase-database:20.2.2] AndroidManifest.xml:33:17-82
222            <meta-data
222-->[com.google.firebase:firebase-storage-ktx:20.2.1] AndroidManifest.xml:14:13-16:85
223                android:name="com.google.firebase.components:com.google.firebase.storage.ktx.FirebaseStorageKtxRegistrar"
223-->[com.google.firebase:firebase-storage-ktx:20.2.1] AndroidManifest.xml:15:17-122
224                android:value="com.google.firebase.components.ComponentRegistrar" />
224-->[com.google.firebase:firebase-storage-ktx:20.2.1] AndroidManifest.xml:16:17-82
225            <meta-data
225-->[com.google.firebase:firebase-storage:20.2.1] AndroidManifest.xml:32:13-34:85
226                android:name="com.google.firebase.components:com.google.firebase.storage.StorageRegistrar"
226-->[com.google.firebase:firebase-storage:20.2.1] AndroidManifest.xml:33:17-107
227                android:value="com.google.firebase.components.ComponentRegistrar" />
227-->[com.google.firebase:firebase-storage:20.2.1] AndroidManifest.xml:34:17-82
228            <meta-data
228-->[com.google.firebase:firebase-firestore-ktx:24.6.1] AndroidManifest.xml:14:13-16:85
229                android:name="com.google.firebase.components:com.google.firebase.firestore.ktx.FirebaseFirestoreKtxRegistrar"
229-->[com.google.firebase:firebase-firestore-ktx:24.6.1] AndroidManifest.xml:15:17-126
230                android:value="com.google.firebase.components.ComponentRegistrar" />
230-->[com.google.firebase:firebase-firestore-ktx:24.6.1] AndroidManifest.xml:16:17-82
231            <meta-data
231-->[com.google.firebase:firebase-firestore:24.6.1] AndroidManifest.xml:19:13-21:85
232                android:name="com.google.firebase.components:com.google.firebase.firestore.FirestoreRegistrar"
232-->[com.google.firebase:firebase-firestore:24.6.1] AndroidManifest.xml:20:17-111
233                android:value="com.google.firebase.components.ComponentRegistrar" />
233-->[com.google.firebase:firebase-firestore:24.6.1] AndroidManifest.xml:21:17-82
234            <meta-data
234-->[com.google.firebase:firebase-analytics-ktx:21.0.0] AndroidManifest.xml:11:13-13:85
235                android:name="com.google.firebase.components:com.google.firebase.analytics.ktx.FirebaseAnalyticsKtxRegistrar"
235-->[com.google.firebase:firebase-analytics-ktx:21.0.0] AndroidManifest.xml:12:17-126
236                android:value="com.google.firebase.components.ComponentRegistrar" />
236-->[com.google.firebase:firebase-analytics-ktx:21.0.0] AndroidManifest.xml:13:17-82
237            <meta-data
237-->[com.google.firebase:firebase-common-ktx:20.3.1] AndroidManifest.xml:14:13-16:85
238                android:name="com.google.firebase.components:com.google.firebase.ktx.FirebaseCommonKtxRegistrar"
238-->[com.google.firebase:firebase-common-ktx:20.3.1] AndroidManifest.xml:15:17-113
239                android:value="com.google.firebase.components.ComponentRegistrar" />
239-->[com.google.firebase:firebase-common-ktx:20.3.1] AndroidManifest.xml:16:17-82
240            <meta-data
240-->[com.google.android.gms:play-services-measurement-api:21.0.0] AndroidManifest.xml:31:13-33:85
241                android:name="com.google.firebase.components:com.google.firebase.analytics.connector.internal.AnalyticsConnectorRegistrar"
241-->[com.google.android.gms:play-services-measurement-api:21.0.0] AndroidManifest.xml:32:17-139
242                android:value="com.google.firebase.components.ComponentRegistrar" />
242-->[com.google.android.gms:play-services-measurement-api:21.0.0] AndroidManifest.xml:33:17-82
243            <meta-data
243-->[com.google.firebase:firebase-installations:17.0.1] AndroidManifest.xml:18:13-20:85
244                android:name="com.google.firebase.components:com.google.firebase.installations.FirebaseInstallationsRegistrar"
244-->[com.google.firebase:firebase-installations:17.0.1] AndroidManifest.xml:19:17-127
245                android:value="com.google.firebase.components.ComponentRegistrar" />
245-->[com.google.firebase:firebase-installations:17.0.1] AndroidManifest.xml:20:17-82
246        </service>
247
248        <activity
248-->[com.google.firebase:firebase-auth:22.0.0] AndroidManifest.xml:29:9-46:20
249            android:name="com.google.firebase.auth.internal.GenericIdpActivity"
249-->[com.google.firebase:firebase-auth:22.0.0] AndroidManifest.xml:30:13-80
250            android:excludeFromRecents="true"
250-->[com.google.firebase:firebase-auth:22.0.0] AndroidManifest.xml:31:13-46
251            android:exported="true"
251-->[com.google.firebase:firebase-auth:22.0.0] AndroidManifest.xml:32:13-36
252            android:launchMode="singleTask"
252-->[com.google.firebase:firebase-auth:22.0.0] AndroidManifest.xml:33:13-44
253            android:theme="@android:style/Theme.Translucent.NoTitleBar" >
253-->[com.google.firebase:firebase-auth:22.0.0] AndroidManifest.xml:34:13-72
254            <intent-filter>
254-->[com.google.firebase:firebase-auth:22.0.0] AndroidManifest.xml:35:13-45:29
255                <action android:name="android.intent.action.VIEW" />
255-->[com.google.firebase:firebase-auth:22.0.0] AndroidManifest.xml:36:17-69
255-->[com.google.firebase:firebase-auth:22.0.0] AndroidManifest.xml:36:25-66
256
257                <category android:name="android.intent.category.DEFAULT" />
257-->[com.google.firebase:firebase-auth:22.0.0] AndroidManifest.xml:38:17-76
257-->[com.google.firebase:firebase-auth:22.0.0] AndroidManifest.xml:38:27-73
258                <category android:name="android.intent.category.BROWSABLE" />
258-->[com.google.firebase:firebase-auth:22.0.0] AndroidManifest.xml:39:17-78
258-->[com.google.firebase:firebase-auth:22.0.0] AndroidManifest.xml:39:27-75
259
260                <data
260-->[com.google.firebase:firebase-auth:22.0.0] AndroidManifest.xml:41:17-44:51
261                    android:host="firebase.auth"
261-->[com.google.firebase:firebase-auth:22.0.0] AndroidManifest.xml:42:21-49
262                    android:path="/"
262-->[com.google.firebase:firebase-auth:22.0.0] AndroidManifest.xml:43:21-37
263                    android:scheme="genericidp" />
263-->[com.google.firebase:firebase-auth:22.0.0] AndroidManifest.xml:44:21-48
264            </intent-filter>
265        </activity>
266        <activity
266-->[com.google.firebase:firebase-auth:22.0.0] AndroidManifest.xml:47:9-64:20
267            android:name="com.google.firebase.auth.internal.RecaptchaActivity"
267-->[com.google.firebase:firebase-auth:22.0.0] AndroidManifest.xml:48:13-79
268            android:excludeFromRecents="true"
268-->[com.google.firebase:firebase-auth:22.0.0] AndroidManifest.xml:49:13-46
269            android:exported="true"
269-->[com.google.firebase:firebase-auth:22.0.0] AndroidManifest.xml:50:13-36
270            android:launchMode="singleTask"
270-->[com.google.firebase:firebase-auth:22.0.0] AndroidManifest.xml:51:13-44
271            android:theme="@android:style/Theme.Translucent.NoTitleBar" >
271-->[com.google.firebase:firebase-auth:22.0.0] AndroidManifest.xml:52:13-72
272            <intent-filter>
272-->[com.google.firebase:firebase-auth:22.0.0] AndroidManifest.xml:53:13-63:29
273                <action android:name="android.intent.action.VIEW" />
273-->[com.google.firebase:firebase-auth:22.0.0] AndroidManifest.xml:36:17-69
273-->[com.google.firebase:firebase-auth:22.0.0] AndroidManifest.xml:36:25-66
274
275                <category android:name="android.intent.category.DEFAULT" />